<?xml version="1.0" encoding="UTF-8"?>
<testsuite xmlns:xsi="http://www.w3.org/2001/XMLSchema-instance" xsi:noNamespaceSchemaLocation="https://maven.apache.org/surefire/maven-surefire-plugin/xsd/surefire-test-report.xsd" name="uk.co.ebay.CukeTest" time="10.617" tests="1" errors="0" skipped="0" failures="1">
  <properties>
[...]
</properties>
  <testcase name="null on uk.co.ebay.CukeTest" classname="uk.co.ebay.CukeTest" time="10.324">
    <failure message="InputStream cannot be null" type="java.lang.IllegalArgumentException">java.lang.IllegalArgumentException: InputStream cannot be null
	at uk.co.ebay.CukeTest.setUp(CukeTest.java:23)
</failure>
    <system-out><![CDATA[Feature: Shop By Category Page
  As a user I want to navigate Shop By Category Page Successfully

  @Regression
  Scenario: Verify User can navigate Shop By Category Page Successfully &amp#27;[90m# src/test/java/resources/featurefile/endToEnd.feature:4&amp#27;[0m
    &amp#27;[33mGiven &amp#27;[0m&amp#27;[33mI am on eBay Home Page&amp#27;[0m
    &amp#27;[33mAnd &amp#27;[0m&amp#27;[33mI click on Shop By Category Link&amp#27;[0m
    &amp#27;[33mWhen &amp#27;[0m&amp#27;[33mI click on Computer And Tablet Link&amp#27;[0m
    &amp#27;[33mThen &amp#27;[0m&amp#27;[33mI navigate to Computer Tablet And Network Hardware Page&amp#27;[0m
    &amp#27;[33mWhen &amp#27;[0m&amp#27;[33mI click on Apple Laptop Link&amp#27;[0m
    &amp#27;[33mThen &amp#27;[0m&amp#27;[33mI navigate to Apple Laptop Page&amp#27;[0m
]]></system-out>
    <system-err><![CDATA[Starting ChromeDriver 86.0.4240.22 (398b0743353ff36fb1b82468f63a3a93b4e2e89e-refs/branch-heads/4240@{#378}) on port 43710
Only local connections are allowed.
Please see https://chromedriver.chromium.org/security-considerations for suggestions on keeping ChromeDriver safe.
ChromeDriver was started successfully.
[1608149533.982][WARNING]: This version of ChromeDriver has not been tested with Chrome version 87.
Dec 16, 2020 8:12:16 PM org.openqa.selenium.remote.ProtocolHandshake createSession
INFO: Detected dialect: W3C
Dec 16, 2020 8:12:21 PM com.aventstack.extentreports.configuration.ConfigLoader <init>
SEVERE: C:\Users\rutun\IdeaProjects\untitled2\ebayUK\src\test\java\resources\extentreport\extent-config.xml
java.io.FileNotFoundException: C:\Users\rutun\IdeaProjects\untitled2\ebayUK\src\test\java\resources\extentreport\extent-config.xml (The system cannot find the path specified)
	at java.io.FileInputStream.open0(Native Method)
	at java.io.FileInputStream.open(FileInputStream.java:195)
	at java.io.FileInputStream.<init>(FileInputStream.java:138)
	at com.aventstack.extentreports.configuration.ConfigLoader.<init>(ConfigLoader.java:49)
	at com.aventstack.extentreports.reporter.AbstractReporter.loadXMLConfig(AbstractReporter.java:64)
	at com.aventstack.extentreports.reporter.AbstractReporter.loadXMLConfig(AbstractReporter.java:60)
	at com.cucumber.listener.Reporter.loadXMLConfig(Reporter.java:47)
	at uk.co.ebay.CukeTest.setUp(CukeTest.java:23)
	at sun.reflect.NativeMethodAccessorImpl.invoke0(Native Method)
	at sun.reflect.NativeMethodAccessorImpl.invoke(NativeMethodAccessorImpl.java:62)
	at sun.reflect.DelegatingMethodAccessorImpl.invoke(DelegatingMethodAccessorImpl.java:43)
	at java.lang.reflect.Method.invoke(Method.java:498)
	at org.junit.runners.model.FrameworkMethod$1.runReflectiveCall(FrameworkMethod.java:47)
	at org.junit.internal.runners.model.ReflectiveCallable.run(ReflectiveCallable.java:12)
	at org.junit.runners.model.FrameworkMethod.invokeExplosively(FrameworkMethod.java:44)
	at org.junit.internal.runners.statements.RunAfters.evaluate(RunAfters.java:33)
	at org.junit.runners.ParentRunner.run(ParentRunner.java:309)
	at cucumber.api.junit.Cucumber.run(Cucumber.java:100)
	at org.junit.runner.JUnitCore.run(JUnitCore.java:160)
	at org.junit.runner.JUnitCore.run(JUnitCore.java:138)
	at org.testng.junit.JUnit4TestRunner.start(JUnit4TestRunner.java:82)
	at org.testng.junit.JUnit4TestRunner.run(JUnit4TestRunner.java:70)
	at org.testng.TestRunner$1.run(TestRunner.java:570)
	at org.testng.TestRunner.runJUnitWorkers(TestRunner.java:717)
	at org.testng.TestRunner.privateRunJUnit(TestRunner.java:601)
	at org.testng.TestRunner.run(TestRunner.java:502)
	at org.testng.SuiteRunner.runTest(SuiteRunner.java:455)
	at org.testng.SuiteRunner.runSequentially(SuiteRunner.java:450)
	at org.testng.SuiteRunner.privateRun(SuiteRunner.java:415)
	at org.testng.SuiteRunner.run(SuiteRunner.java:364)
	at org.testng.SuiteRunnerWorker.runSuite(SuiteRunnerWorker.java:52)
	at org.testng.SuiteRunnerWorker.run(SuiteRunnerWorker.java:84)
	at org.testng.TestNG.runSuitesSequentially(TestNG.java:1208)
	at org.testng.TestNG.runSuitesLocally(TestNG.java:1137)
	at org.testng.TestNG.runSuites(TestNG.java:1049)
	at org.testng.TestNG.run(TestNG.java:1017)
	at org.apache.maven.surefire.testng.TestNGExecutor.run(TestNGExecutor.java:135)
	at org.apache.maven.surefire.testng.TestNGDirectoryTestSuite.executeSingleClass(TestNGDirectoryTestSuite.java:112)
	at org.apache.maven.surefire.testng.TestNGDirectoryTestSuite.execute(TestNGDirectoryTestSuite.java:99)
	at org.apache.maven.surefire.testng.TestNGProvider.invoke(TestNGProvider.java:146)
	at org.apache.maven.surefire.booter.ForkedBooter.invokeProviderInSameClassLoader(ForkedBooter.java:384)
	at org.apache.maven.surefire.booter.ForkedBooter.runSuitesInProcess(ForkedBooter.java:345)
	at org.apache.maven.surefire.booter.ForkedBooter.execute(ForkedBooter.java:126)
	at org.apache.maven.surefire.booter.ForkedBooter.main(ForkedBooter.java:418)

]]></system-err>
  </testcase>
</testsuite>